[2025-12-09 20:11:18,394] 17 root - INFO - Initiate DataIngestion
[2025-12-09 20:11:21,016] 50 root - INFO - Read 7043 records from Samiulla_Churn.TelecomChurn
[2025-12-09 20:11:21,125] 72 root - INFO - Feature store saved at: Artifacts\12_09_2025_20_11_14\data_ingestion\feature_store\Churn_prediction_cleaned.csv
[2025-12-09 20:11:21,130] 86 root - INFO - Performing Train/Test split of dataframe
[2025-12-09 20:11:21,130] 87 root - INFO - Exited split_data_as_train_test method of DataIngestion class
[2025-12-09 20:11:21,225] 106 root - INFO - Exported train file to: Artifacts\12_09_2025_20_11_14\data_ingestion\ingested\train.csv
[2025-12-09 20:11:21,226] 107 root - INFO - Exported test file to: Artifacts\12_09_2025_20_11_14\data_ingestion\ingested\test.csv
[2025-12-09 20:11:21,227] 131 root - INFO - DataIngestionArtifact: DataIngestionArtifact(trained_file_path='Artifacts\\12_09_2025_20_11_14\\data_ingestion\\ingested\\train.csv', test_file_path='Artifacts\\12_09_2025_20_11_14\\data_ingestion\\ingested\\test.csv')
[2025-12-09 20:11:21,234] 20 root - INFO - Data Inititation Completed
[2025-12-09 20:11:21,242] 23 root - INFO - Initiate Data validation
[2025-12-09 20:11:21,353] 39 root - INFO - Required number of columns : 20
[2025-12-09 20:11:21,353] 40 root - INFO - Datafram has columns: 20
[2025-12-09 20:11:21,354] 39 root - INFO - Required number of columns : 20
[2025-12-09 20:11:21,354] 40 root - INFO - Datafram has columns: 20
[2025-12-09 20:11:21,354] 52 root - INFO - Required numerical columns: ['gender', 'SeniorCitizen', 'Partner', 'Dependents', 'tenure', 'PhoneService', 'PaperlessBilling', 'MonthlyCharges', 'TotalCharges']
[2025-12-09 20:11:21,354] 52 root - INFO - Required numerical columns: ['gender', 'SeniorCitizen', 'Partner', 'Dependents', 'tenure', 'PhoneService', 'PaperlessBilling', 'MonthlyCharges', 'TotalCharges']
[2025-12-09 20:11:21,354] 68 root - INFO - Required categorical columns: ['MultipleLines', 'InternetService', 'OnlineSecurity', 'OnlineBackup', 'DeviceProtection', 'TechSupport', 'StreamingTV', 'StreamingMovies', 'Contract', 'PaymentMethod']
[2025-12-09 20:11:21,354] 68 root - INFO - Required categorical columns: ['MultipleLines', 'InternetService', 'OnlineSecurity', 'OnlineBackup', 'DeviceProtection', 'TechSupport', 'StreamingTV', 'StreamingMovies', 'Contract', 'PaymentMethod']
[2025-12-09 20:11:21,811] 25 root - INFO - Data validation completed
[2025-12-09 20:11:21,812] 29 root - INFO - Data Transformation Initiated
[2025-12-09 20:11:21,812] 69 root - INFO - Entered data transformation method of DataTransformation class
[2025-12-09 20:11:21,812] 71 root - INFO - Starting data transformation
[2025-12-09 20:11:21,860] 86 root - INFO - Numerical columns: ['gender', 'SeniorCitizen', 'Partner', 'Dependents', 'tenure', 'PhoneService', 'PaperlessBilling', 'MonthlyCharges', 'TotalCharges']
[2025-12-09 20:11:21,860] 87 root - INFO - Categorical columns: ['MultipleLines', 'InternetService', 'OnlineSecurity', 'OnlineBackup', 'DeviceProtection', 'TechSupport', 'StreamingTV', 'StreamingMovies', 'Contract', 'PaymentMethod']
[2025-12-09 20:11:21,861] 62 root - INFO - Built ColumnTransformer with 9 numeric and 10 categorical cols
[2025-12-09 20:11:21,993] 52 root - INFO - Entered save object method of MainUtils class
[2025-12-09 20:11:21,996] 56 root - INFO - Exited the save_object method of MainUtils class
[2025-12-09 20:11:21,996] 52 root - INFO - Entered save object method of MainUtils class
[2025-12-09 20:11:21,997] 56 root - INFO - Exited the save_object method of MainUtils class
[2025-12-09 20:11:22,000] 31 root - INFO - Data Transformation Completed
[2025-12-09 20:11:22,000] 34 root - INFO - Model Training started
[2025-12-09 20:16:52,466] 52 root - INFO - Entered save object method of MainUtils class
[2025-12-09 20:16:52,482] 56 root - INFO - Exited the save_object method of MainUtils class
[2025-12-09 20:16:52,483] 139 root - INFO - Model Trainer Artifact: ModelTrainerArtifact(trained_model_file_path='Artifacts\\12_09_2025_20_11_14\\model_trainer\\trained_model\\model.pkl', train_metric_artifact=ClassificationMetricArtifact(f1_score=0.6116322701688556, precision_score=0.6983718937446444, recall_score=0.5440587449933244), test_metric_artifact=ClassificationMetricArtifact(f1_score=0.5943536404160475, precision_score=0.6622516556291391, recall_score=0.5390835579514824))
[2025-12-09 20:16:52,484] 38 root - INFO - Mode Training COmpleted
