[2025-12-09 19:34:01,442] 17 root - INFO - Initiate DataIngestion
[2025-12-09 19:34:04,965] 50 root - INFO - Read 7043 records from Samiulla_Churn.TelecomChurn
[2025-12-09 19:34:05,066] 72 root - INFO - Feature store saved at: Artifacts\12_09_2025_19_33_51\data_ingestion\feature_store\Churn_prediction_cleaned.csv
[2025-12-09 19:34:05,075] 86 root - INFO - Performing Train/Test split of dataframe
[2025-12-09 19:34:05,075] 87 root - INFO - Exited split_data_as_train_test method of DataIngestion class
[2025-12-09 19:34:05,204] 106 root - INFO - Exported train file to: Artifacts\12_09_2025_19_33_51\data_ingestion\ingested\train.csv
[2025-12-09 19:34:05,205] 107 root - INFO - Exported test file to: Artifacts\12_09_2025_19_33_51\data_ingestion\ingested\test.csv
[2025-12-09 19:34:05,207] 131 root - INFO - DataIngestionArtifact: DataIngestionArtifact(trained_file_path='Artifacts\\12_09_2025_19_33_51\\data_ingestion\\ingested\\train.csv', test_file_path='Artifacts\\12_09_2025_19_33_51\\data_ingestion\\ingested\\test.csv')
[2025-12-09 19:34:05,216] 20 root - INFO - Data Inititation Completed
[2025-12-09 19:34:05,226] 23 root - INFO - Initiate Data validation
[2025-12-09 19:34:05,365] 39 root - INFO - Required number of columns : 20
[2025-12-09 19:34:05,365] 40 root - INFO - Datafram has columns: 20
[2025-12-09 19:34:05,366] 39 root - INFO - Required number of columns : 20
[2025-12-09 19:34:05,366] 40 root - INFO - Datafram has columns: 20
[2025-12-09 19:34:05,366] 52 root - INFO - Required numerical columns: ['gender', 'SeniorCitizen', 'Partner', 'Dependents', 'tenure', 'PhoneService', 'PaperlessBilling', 'MonthlyCharges', 'TotalCharges']
[2025-12-09 19:34:05,367] 52 root - INFO - Required numerical columns: ['gender', 'SeniorCitizen', 'Partner', 'Dependents', 'tenure', 'PhoneService', 'PaperlessBilling', 'MonthlyCharges', 'TotalCharges']
[2025-12-09 19:34:05,367] 68 root - INFO - Required categorical columns: ['MultipleLines', 'InternetService', 'OnlineSecurity', 'OnlineBackup', 'DeviceProtection', 'TechSupport', 'StreamingTV', 'StreamingMovies', 'Contract', 'PaymentMethod']
[2025-12-09 19:34:05,367] 68 root - INFO - Required categorical columns: ['MultipleLines', 'InternetService', 'OnlineSecurity', 'OnlineBackup', 'DeviceProtection', 'TechSupport', 'StreamingTV', 'StreamingMovies', 'Contract', 'PaymentMethod']
[2025-12-09 19:34:05,826] 25 root - INFO - Data validation completed
[2025-12-09 19:34:05,826] 29 root - INFO - Data Transformation Initiated
[2025-12-09 19:34:05,826] 69 root - INFO - Entered data transformation method of DataTransformation class
[2025-12-09 19:34:05,827] 71 root - INFO - Starting data transformation
[2025-12-09 19:34:05,868] 86 root - INFO - Numerical columns: ['gender', 'SeniorCitizen', 'Partner', 'Dependents', 'tenure', 'PhoneService', 'PaperlessBilling', 'MonthlyCharges', 'TotalCharges']
[2025-12-09 19:34:05,869] 87 root - INFO - Categorical columns: ['MultipleLines', 'InternetService', 'OnlineSecurity', 'OnlineBackup', 'DeviceProtection', 'TechSupport', 'StreamingTV', 'StreamingMovies', 'Contract', 'PaymentMethod']
[2025-12-09 19:34:05,869] 62 root - INFO - Built ColumnTransformer with 9 numeric and 10 categorical cols
[2025-12-09 19:34:05,985] 52 root - INFO - Entered save object method of MainUtils class
[2025-12-09 19:34:05,989] 56 root - INFO - Exited the save_object method of MainUtils class
[2025-12-09 19:34:05,990] 52 root - INFO - Entered save object method of MainUtils class
[2025-12-09 19:34:05,992] 56 root - INFO - Exited the save_object method of MainUtils class
[2025-12-09 19:34:05,993] 31 root - INFO - Data Transformation Completed
[2025-12-09 19:34:05,994] 34 root - INFO - Model Training started
