[2025-12-09 19:37:23,396] 17 root - INFO - Initiate DataIngestion
[2025-12-09 19:37:26,234] 50 root - INFO - Read 7043 records from Samiulla_Churn.TelecomChurn
[2025-12-09 19:37:26,348] 72 root - INFO - Feature store saved at: Artifacts\12_09_2025_19_37_20\data_ingestion\feature_store\Churn_prediction_cleaned.csv
[2025-12-09 19:37:26,354] 86 root - INFO - Performing Train/Test split of dataframe
[2025-12-09 19:37:26,354] 87 root - INFO - Exited split_data_as_train_test method of DataIngestion class
[2025-12-09 19:37:26,441] 106 root - INFO - Exported train file to: Artifacts\12_09_2025_19_37_20\data_ingestion\ingested\train.csv
[2025-12-09 19:37:26,442] 107 root - INFO - Exported test file to: Artifacts\12_09_2025_19_37_20\data_ingestion\ingested\test.csv
[2025-12-09 19:37:26,443] 131 root - INFO - DataIngestionArtifact: DataIngestionArtifact(trained_file_path='Artifacts\\12_09_2025_19_37_20\\data_ingestion\\ingested\\train.csv', test_file_path='Artifacts\\12_09_2025_19_37_20\\data_ingestion\\ingested\\test.csv')
[2025-12-09 19:37:26,448] 20 root - INFO - Data Inititation Completed
[2025-12-09 19:37:26,454] 23 root - INFO - Initiate Data validation
[2025-12-09 19:37:26,558] 39 root - INFO - Required number of columns : 20
[2025-12-09 19:37:26,558] 40 root - INFO - Datafram has columns: 20
[2025-12-09 19:37:26,558] 39 root - INFO - Required number of columns : 20
[2025-12-09 19:37:26,558] 40 root - INFO - Datafram has columns: 20
[2025-12-09 19:37:26,558] 52 root - INFO - Required numerical columns: ['gender', 'SeniorCitizen', 'Partner', 'Dependents', 'tenure', 'PhoneService', 'PaperlessBilling', 'MonthlyCharges', 'TotalCharges']
[2025-12-09 19:37:26,558] 52 root - INFO - Required numerical columns: ['gender', 'SeniorCitizen', 'Partner', 'Dependents', 'tenure', 'PhoneService', 'PaperlessBilling', 'MonthlyCharges', 'TotalCharges']
[2025-12-09 19:37:26,559] 68 root - INFO - Required categorical columns: ['MultipleLines', 'InternetService', 'OnlineSecurity', 'OnlineBackup', 'DeviceProtection', 'TechSupport', 'StreamingTV', 'StreamingMovies', 'Contract', 'PaymentMethod']
[2025-12-09 19:37:26,559] 68 root - INFO - Required categorical columns: ['MultipleLines', 'InternetService', 'OnlineSecurity', 'OnlineBackup', 'DeviceProtection', 'TechSupport', 'StreamingTV', 'StreamingMovies', 'Contract', 'PaymentMethod']
[2025-12-09 19:37:26,892] 25 root - INFO - Data validation completed
[2025-12-09 19:37:26,893] 29 root - INFO - Data Transformation Initiated
[2025-12-09 19:37:26,893] 69 root - INFO - Entered data transformation method of DataTransformation class
[2025-12-09 19:37:26,893] 71 root - INFO - Starting data transformation
[2025-12-09 19:37:26,923] 86 root - INFO - Numerical columns: ['gender', 'SeniorCitizen', 'Partner', 'Dependents', 'tenure', 'PhoneService', 'PaperlessBilling', 'MonthlyCharges', 'TotalCharges']
[2025-12-09 19:37:26,923] 87 root - INFO - Categorical columns: ['MultipleLines', 'InternetService', 'OnlineSecurity', 'OnlineBackup', 'DeviceProtection', 'TechSupport', 'StreamingTV', 'StreamingMovies', 'Contract', 'PaymentMethod']
[2025-12-09 19:37:26,924] 62 root - INFO - Built ColumnTransformer with 9 numeric and 10 categorical cols
[2025-12-09 19:37:27,011] 52 root - INFO - Entered save object method of MainUtils class
[2025-12-09 19:37:27,013] 56 root - INFO - Exited the save_object method of MainUtils class
[2025-12-09 19:37:27,013] 52 root - INFO - Entered save object method of MainUtils class
[2025-12-09 19:37:27,014] 56 root - INFO - Exited the save_object method of MainUtils class
[2025-12-09 19:37:27,016] 31 root - INFO - Data Transformation Completed
[2025-12-09 19:37:27,016] 34 root - INFO - Model Training started
